<?xml version="1.0" encoding="UTF-8" ?>
<testsuite failures="0" time="0.631" errors="0" skipped="0" tests="1" name="es.ligasnba.app.AppTest">
  <properties>
    <property name="java.runtime.name" value="OpenJDK Runtime Environment"/>
    <property name="sun.boot.library.path" value="/usr/lib/jvm/java-6-openjdk/jre/lib/i386"/>
    <property name="java.vm.version" value="19.0-b09"/>
    <property name="java.vm.vendor" value="Sun Microsystems Inc."/>
    <property name="java.vendor.url" value="http://java.sun.com/"/>
    <property name="path.separator" value=":"/>
    <property name="java.vm.name" value="OpenJDK Server VM"/>
    <property name="file.encoding.pkg" value="sun.io"/>
    <property name="user.country" value="ES"/>
    <property name="sun.java.launcher" value="SUN_STANDARD"/>
    <property name="sun.os.patch.level" value="unknown"/>
    <property name="java.vm.specification.name" value="Java Virtual Machine Specification"/>
    <property name="user.dir" value="/home/sirnolimit/apps/teammanagement"/>
    <property name="java.runtime.version" value="1.6.0_20-b20"/>
    <property name="java.awt.graphicsenv" value="sun.awt.X11GraphicsEnvironment"/>
    <property name="basedir" value="/home/sirnolimit/apps/teammanagement"/>
    <property name="java.endorsed.dirs" value="/usr/lib/jvm/java-6-openjdk/jre/lib/endorsed"/>
    <property name="os.arch" value="i386"/>
    <property name="surefire.real.class.path" value="/home/sirnolimit/apps/teammanagement/target/surefire/surefirebooter3328519718819219046.jar"/>
    <property name="java.io.tmpdir" value="/tmp"/>
    <property name="line.separator" value="
"/>
    <property name="java.vm.specification.vendor" value="Sun Microsystems Inc."/>
    <property name="os.name" value="Linux"/>
    <property name="sun.jnu.encoding" value="UTF-8"/>
    <property name="java.library.path" value="/usr/lib/jvm/java-6-openjdk/jre/lib/i386/server:/usr/lib/jvm/java-6-openjdk/jre/lib/i386:/usr/lib/jvm/java-6-openjdk/jre/../lib/i386:/usr/lib/jvm/java-6-openjdk/jre/lib/i386/client:/usr/lib/jvm/java-6-openjdk/jre/lib/i386:/usr/lib/xulrunner-1.9.2.15:/usr/lib/xulrunner-1.9.2.15:/usr/java/packages/lib/i386:/usr/lib/jni:/lib:/usr/lib"/>
    <property name="surefire.test.class.path" value="/home/sirnolimit/apps/teammanagement/target/test-classes:/home/sirnolimit/apps/teammanagement/target/classes:/home/sirnolimit/.m2/repository/mysql/mysql-connector-java/5.1.12/mysql-connector-java-5.1.12.jar:/home/sirnolimit/.m2/repository/org/slf4j/slf4j-simple/1.5.8/slf4j-simple-1.5.8.jar:/home/sirnolimit/.m2/repository/org/slf4j/slf4j-api/1.5.8/slf4j-api-1.5.8.jar:/home/sirnolimit/.m2/repository/javassist/javassist/3.9.0.GA/javassist-3.9.0.GA.jar:/home/sirnolimit/.m2/repository/cglib/cglib-nodep/2.1_3/cglib-nodep-2.1_3.jar:/home/sirnolimit/.m2/repository/org/hibernate/hibernate-core/3.5.1-Final/hibernate-core-3.5.1-Final.jar:/home/sirnolimit/.m2/repository/antlr/antlr/2.7.6/antlr-2.7.6.jar:/home/sirnolimit/.m2/repository/commons-collections/commons-collections/3.1/commons-collections-3.1.jar:/home/sirnolimit/.m2/repository/dom4j/dom4j/1.6.1/dom4j-1.6.1.jar:/home/sirnolimit/.m2/repository/xml-apis/xml-apis/1.0.b2/xml-apis-1.0.b2.jar:/home/sirnolimit/.m2/repository/javax/transaction/jta/1.1/jta-1.1.jar:/home/sirnolimit/.m2/repository/org/hibernate/hibernate-annotations/3.5.1-Final/hibernate-annotations-3.5.1-Final.jar:/home/sirnolimit/.m2/repository/org/hibernate/hibernate-commons-annotations/3.2.0.Final/hibernate-commons-annotations-3.2.0.Final.jar:/home/sirnolimit/.m2/repository/org/hibernate/javax/persistence/hibernate-jpa-2.0-api/1.0.0.Final/hibernate-jpa-2.0-api-1.0.0.Final.jar:/home/sirnolimit/.m2/repository/junit/junit/4.4/junit-4.4.jar:/home/sirnolimit/.m2/repository/org/springframework/spring-jdbc/2.5.6/spring-jdbc-2.5.6.jar:/home/sirnolimit/.m2/repository/commons-logging/commons-logging/1.1.1/commons-logging-1.1.1.jar:/home/sirnolimit/.m2/repository/org/springframework/spring-beans/2.5.6/spring-beans-2.5.6.jar:/home/sirnolimit/.m2/repository/org/springframework/spring-context/2.5.6/spring-context-2.5.6.jar:/home/sirnolimit/.m2/repository/org/springframework/spring-core/2.5.6/spring-core-2.5.6.jar:/home/sirnolimit/.m2/repository/org/springframework/spring-tx/2.5.6/spring-tx-2.5.6.jar:/home/sirnolimit/.m2/repository/org/springframework/spring-aop/2.5.6/spring-aop-2.5.6.jar:/home/sirnolimit/.m2/repository/aopalliance/aopalliance/1.0/aopalliance-1.0.jar:/home/sirnolimit/.m2/repository/org/springframework/spring-orm/2.5.6/spring-orm-2.5.6.jar:/home/sirnolimit/.m2/repository/org/springframework/spring-test/2.5.6/spring-test-2.5.6.jar:/home/sirnolimit/.m2/repository/org/springframework/spring-web/2.5.6/spring-web-2.5.6.jar:/home/sirnolimit/.m2/repository/org/apache/tapestry/tapestry-core/5.1.0.5/tapestry-core-5.1.0.5.jar:/home/sirnolimit/.m2/repository/org/apache/tapestry/tapestry-ioc/5.1.0.5/tapestry-ioc-5.1.0.5.jar:/home/sirnolimit/.m2/repository/org/apache/tapestry/tapestry5-annotations/5.1.0.5/tapestry5-annotations-5.1.0.5.jar:/home/sirnolimit/.m2/repository/log4j/log4j/1.2.14/log4j-1.2.14.jar:/home/sirnolimit/.m2/repository/org/slf4j/slf4j-log4j12/1.5.2/slf4j-log4j12-1.5.2.jar:/home/sirnolimit/.m2/repository/commons-codec/commons-codec/1.3/commons-codec-1.3.jar:/home/sirnolimit/.m2/repository/org/antlr/antlr-runtime/3.1.1/antlr-runtime-3.1.1.jar:/home/sirnolimit/.m2/repository/org/codehaus/woodstox/woodstox-core-asl/4.0.3/woodstox-core-asl-4.0.3.jar:/home/sirnolimit/.m2/repository/stax/stax-api/1.0.1/stax-api-1.0.1.jar:/home/sirnolimit/.m2/repository/org/codehaus/woodstox/stax2-api/3.0.1/stax2-api-3.0.1.jar:/home/sirnolimit/.m2/repository/org/apache/tapestry/tapestry-spring/5.1.0.5/tapestry-spring-5.1.0.5.jar:"/>
    <property name="java.specification.name" value="Java Platform API Specification"/>
    <property name="java.class.version" value="50.0"/>
    <property name="sun.management.compiler" value="HotSpot Tiered Compilers"/>
    <property name="os.version" value="2.6.35-27-generic-pae"/>
    <property name="user.home" value="/home/sirnolimit"/>
    <property name="user.timezone" value=""/>
    <property name="java.awt.printerjob" value="sun.print.PSPrinterJob"/>
    <property name="file.encoding" value="UTF-8"/>
    <property name="java.specification.version" value="1.6"/>
    <property name="user.name" value="sirnolimit"/>
    <property name="java.class.path" value="/home/sirnolimit/apps/teammanagement/target/test-classes:/home/sirnolimit/apps/teammanagement/target/classes:/home/sirnolimit/.m2/repository/mysql/mysql-connector-java/5.1.12/mysql-connector-java-5.1.12.jar:/home/sirnolimit/.m2/repository/org/slf4j/slf4j-simple/1.5.8/slf4j-simple-1.5.8.jar:/home/sirnolimit/.m2/repository/org/slf4j/slf4j-api/1.5.8/slf4j-api-1.5.8.jar:/home/sirnolimit/.m2/repository/javassist/javassist/3.9.0.GA/javassist-3.9.0.GA.jar:/home/sirnolimit/.m2/repository/cglib/cglib-nodep/2.1_3/cglib-nodep-2.1_3.jar:/home/sirnolimit/.m2/repository/org/hibernate/hibernate-core/3.5.1-Final/hibernate-core-3.5.1-Final.jar:/home/sirnolimit/.m2/repository/antlr/antlr/2.7.6/antlr-2.7.6.jar:/home/sirnolimit/.m2/repository/commons-collections/commons-collections/3.1/commons-collections-3.1.jar:/home/sirnolimit/.m2/repository/dom4j/dom4j/1.6.1/dom4j-1.6.1.jar:/home/sirnolimit/.m2/repository/xml-apis/xml-apis/1.0.b2/xml-apis-1.0.b2.jar:/home/sirnolimit/.m2/repository/javax/transaction/jta/1.1/jta-1.1.jar:/home/sirnolimit/.m2/repository/org/hibernate/hibernate-annotations/3.5.1-Final/hibernate-annotations-3.5.1-Final.jar:/home/sirnolimit/.m2/repository/org/hibernate/hibernate-commons-annotations/3.2.0.Final/hibernate-commons-annotations-3.2.0.Final.jar:/home/sirnolimit/.m2/repository/org/hibernate/javax/persistence/hibernate-jpa-2.0-api/1.0.0.Final/hibernate-jpa-2.0-api-1.0.0.Final.jar:/home/sirnolimit/.m2/repository/junit/junit/4.4/junit-4.4.jar:/home/sirnolimit/.m2/repository/org/springframework/spring-jdbc/2.5.6/spring-jdbc-2.5.6.jar:/home/sirnolimit/.m2/repository/commons-logging/commons-logging/1.1.1/commons-logging-1.1.1.jar:/home/sirnolimit/.m2/repository/org/springframework/spring-beans/2.5.6/spring-beans-2.5.6.jar:/home/sirnolimit/.m2/repository/org/springframework/spring-context/2.5.6/spring-context-2.5.6.jar:/home/sirnolimit/.m2/repository/org/springframework/spring-core/2.5.6/spring-core-2.5.6.jar:/home/sirnolimit/.m2/repository/org/springframework/spring-tx/2.5.6/spring-tx-2.5.6.jar:/home/sirnolimit/.m2/repository/org/springframework/spring-aop/2.5.6/spring-aop-2.5.6.jar:/home/sirnolimit/.m2/repository/aopalliance/aopalliance/1.0/aopalliance-1.0.jar:/home/sirnolimit/.m2/repository/org/springframework/spring-orm/2.5.6/spring-orm-2.5.6.jar:/home/sirnolimit/.m2/repository/org/springframework/spring-test/2.5.6/spring-test-2.5.6.jar:/home/sirnolimit/.m2/repository/org/springframework/spring-web/2.5.6/spring-web-2.5.6.jar:/home/sirnolimit/.m2/repository/org/apache/tapestry/tapestry-core/5.1.0.5/tapestry-core-5.1.0.5.jar:/home/sirnolimit/.m2/repository/org/apache/tapestry/tapestry-ioc/5.1.0.5/tapestry-ioc-5.1.0.5.jar:/home/sirnolimit/.m2/repository/org/apache/tapestry/tapestry5-annotations/5.1.0.5/tapestry5-annotations-5.1.0.5.jar:/home/sirnolimit/.m2/repository/log4j/log4j/1.2.14/log4j-1.2.14.jar:/home/sirnolimit/.m2/repository/org/slf4j/slf4j-log4j12/1.5.2/slf4j-log4j12-1.5.2.jar:/home/sirnolimit/.m2/repository/commons-codec/commons-codec/1.3/commons-codec-1.3.jar:/home/sirnolimit/.m2/repository/org/antlr/antlr-runtime/3.1.1/antlr-runtime-3.1.1.jar:/home/sirnolimit/.m2/repository/org/codehaus/woodstox/woodstox-core-asl/4.0.3/woodstox-core-asl-4.0.3.jar:/home/sirnolimit/.m2/repository/stax/stax-api/1.0.1/stax-api-1.0.1.jar:/home/sirnolimit/.m2/repository/org/codehaus/woodstox/stax2-api/3.0.1/stax2-api-3.0.1.jar:/home/sirnolimit/.m2/repository/org/apache/tapestry/tapestry-spring/5.1.0.5/tapestry-spring-5.1.0.5.jar:"/>
    <property name="java.vm.specification.version" value="1.0"/>
    <property name="sun.arch.data.model" value="32"/>
    <property name="java.home" value="/usr/lib/jvm/java-6-openjdk/jre"/>
    <property name="java.specification.vendor" value="Sun Microsystems Inc."/>
    <property name="user.language" value="gl"/>
    <property name="java.vm.info" value="mixed mode"/>
    <property name="java.version" value="1.6.0_20"/>
    <property name="java.ext.dirs" value="/usr/lib/jvm/java-6-openjdk/jre/lib/ext:/usr/java/packages/lib/ext"/>
    <property name="sun.boot.class.path" value="/usr/lib/jvm/java-6-openjdk/jre/lib/resources.jar:/usr/lib/jvm/java-6-openjdk/jre/lib/rt.jar:/usr/lib/jvm/java-6-openjdk/jre/lib/sunrsasign.jar:/usr/lib/jvm/java-6-openjdk/jre/lib/jsse.jar:/usr/lib/jvm/java-6-openjdk/jre/lib/jce.jar:/usr/lib/jvm/java-6-openjdk/jre/lib/charsets.jar:/usr/lib/jvm/java-6-openjdk/jre/lib/netx.jar:/usr/lib/jvm/java-6-openjdk/jre/lib/plugin.jar:/usr/lib/jvm/java-6-openjdk/jre/lib/rhino.jar:/usr/lib/jvm/java-6-openjdk/jre/lib/modules/jdk.boot.jar:/usr/lib/jvm/java-6-openjdk/jre/classes"/>
    <property name="java.vendor" value="Sun Microsystems Inc."/>
    <property name="localRepository" value="/home/sirnolimit/.m2/repository"/>
    <property name="file.separator" value="/"/>
    <property name="java.vendor.url.bug" value="http://java.sun.com/cgi-bin/bugreport.cgi"/>
    <property name="sun.cpu.endian" value="little"/>
    <property name="sun.io.unicode.encoding" value="UnicodeLittle"/>
    <property name="sun.desktop" value="gnome"/>
    <property name="sun.cpu.isalist" value=""/>
  </properties>
  <testcase time="0.598" classname="es.ligasnba.app.AppTest" name="testApp"/>
</testsuite>